c:\users\pc\onedrive\documents\visual studio 2022\repos\simulator\build\simulator.dir\debug\vc143.pdb
c:\users\pc\onedrive\documents\visual studio 2022\repos\simulator\build\simulator.dir\debug\animatedline.obj
c:\users\pc\onedrive\documents\visual studio 2022\repos\simulator\build\simulator.dir\debug\datagenerator.obj
c:\users\pc\onedrive\documents\visual studio 2022\repos\simulator\build\simulator.dir\debug\trajectory.obj
c:\users\pc\onedrive\documents\visual studio 2022\repos\simulator\build\simulator.dir\debug\simulator.obj
c:\users\pc\onedrive\documents\visual studio 2022\repos\simulator\build\simulator.dir\debug\point.obj
c:\users\pc\onedrive\documents\visual studio 2022\repos\simulator\build\cmakefiles\generate.stamp
c:\users\pc\onedrive\documents\visual studio 2022\repos\simulator\build\debug\simulator.exe
c:\users\pc\onedrive\documents\visual studio 2022\repos\simulator\build\simulator.dir\debug\simulator.ilk
c:\users\pc\onedrive\documents\visual studio 2022\repos\simulator\build\debug\simulator.pdb
c:\users\pc\onedrive\documents\visual studio 2022\repos\simulator\build\simulator.dir\debug\simulator.tlog\cl.command.1.tlog
c:\users\pc\onedrive\documents\visual studio 2022\repos\simulator\build\simulator.dir\debug\simulator.tlog\cl.items.tlog
c:\users\pc\onedrive\documents\visual studio 2022\repos\simulator\build\simulator.dir\debug\simulator.tlog\cl.read.1.tlog
c:\users\pc\onedrive\documents\visual studio 2022\repos\simulator\build\simulator.dir\debug\simulator.tlog\cl.write.1.tlog
c:\users\pc\onedrive\documents\visual studio 2022\repos\simulator\build\simulator.dir\debug\simulator.tlog\custombuild.command.1.tlog
c:\users\pc\onedrive\documents\visual studio 2022\repos\simulator\build\simulator.dir\debug\simulator.tlog\custombuild.read.1.tlog
c:\users\pc\onedrive\documents\visual studio 2022\repos\simulator\build\simulator.dir\debug\simulator.tlog\custombuild.write.1.tlog
c:\users\pc\onedrive\documents\visual studio 2022\repos\simulator\build\simulator.dir\debug\simulator.tlog\link.command.1.tlog
c:\users\pc\onedrive\documents\visual studio 2022\repos\simulator\build\simulator.dir\debug\simulator.tlog\link.read.1.tlog
c:\users\pc\onedrive\documents\visual studio 2022\repos\simulator\build\simulator.dir\debug\simulator.tlog\link.write.1.tlog
